<?xml version="1.0" encoding="UTF-8"?>
<!-- Generated by org.testng.reporters.JUnitReportReporter -->
<testsuite hostname="DLLA1445" name="TestClass" tests="2" failures="0" timestamp="4 Apr 2020 13:01:40 GMT" time="77.605" errors="0">
  <testcase name="test1" time="47.108" classname="TestClass"/>
  <testcase name="test2" time="30.497" classname="TestClass"/>
</testsuite> <!-- TestClass -->
